0 info it worked if it ends with ok
1 verbose cli [ '/usr/bin/nodejs', '/usr/bin/npm', 'info' ]
2 info using npm@3.5.2
3 info using node@v4.2.6
4 silly mapToRegistry name canvos2
5 silly mapToRegistry using default registry
6 silly mapToRegistry registry https://registry.npmjs.org/
7 silly mapToRegistry uri https://registry.npmjs.org/canvos2
8 verbose request uri https://registry.npmjs.org/canvos2
9 verbose request no auth needed
10 info attempt registry request try #1 at 2:08:10 PM
11 verbose request id d94ba842ac661cf8
12 http request GET https://registry.npmjs.org/canvos2
13 http 404 https://registry.npmjs.org/canvos2
14 verbose headers { date: 'Tue, 07 May 2019 21:08:10 GMT',
14 verbose headers   'content-type': 'application/json',
14 verbose headers   'content-length': '21',
14 verbose headers   connection: 'keep-alive',
14 verbose headers   'set-cookie': [ '__cfduid=d81facbd4bfc7923055fd9618d6bdad9b1557263290; expires=Wed, 06-May-20 21:08:10 GMT; path=/; domain=.registry.npmjs.org; HttpOnly' ],
14 verbose headers   'cf-cache-status': 'MISS',
14 verbose headers   'cache-control': 'max-age=300',
14 verbose headers   'cf-ray': '4d362aecfcff8ce5-PDX',
14 verbose headers   'expect-ct': 'max-age=604800, report-uri="https://report-uri.cloudflare.com/cdn-cgi/beacon/expect-ct"',
14 verbose headers   vary: 'accept-encoding, accept',
14 verbose headers   server: 'cloudflare' }
15 silly get cb [ 404,
15 silly get   { date: 'Tue, 07 May 2019 21:08:10 GMT',
15 silly get     'content-type': 'application/json',
15 silly get     'content-length': '21',
15 silly get     connection: 'keep-alive',
15 silly get     'set-cookie': [ '__cfduid=d81facbd4bfc7923055fd9618d6bdad9b1557263290; expires=Wed, 06-May-20 21:08:10 GMT; path=/; domain=.registry.npmjs.org; HttpOnly' ],
15 silly get     'cf-cache-status': 'MISS',
15 silly get     'cache-control': 'max-age=300',
15 silly get     'cf-ray': '4d362aecfcff8ce5-PDX',
15 silly get     'expect-ct': 'max-age=604800, report-uri="https://report-uri.cloudflare.com/cdn-cgi/beacon/expect-ct"',
15 silly get     vary: 'accept-encoding, accept',
15 silly get     server: 'cloudflare' } ]
16 verbose stack Error: Not found : canvos2
16 verbose stack     at makeError (/usr/share/npm/node_modules/npm-registry-client/lib/request.js:264:12)
16 verbose stack     at CachingRegistryClient.<anonymous> (/usr/share/npm/node_modules/npm-registry-client/lib/request.js:252:14)
16 verbose stack     at Request._callback (/usr/share/npm/node_modules/npm-registry-client/lib/request.js:172:14)
16 verbose stack     at Request.self.callback (/usr/share/npm/node_modules/request/request.js:198:22)
16 verbose stack     at emitTwo (events.js:87:13)
16 verbose stack     at Request.emit (events.js:172:7)
16 verbose stack     at Request.<anonymous> (/usr/share/npm/node_modules/request/request.js:1082:10)
16 verbose stack     at emitOne (events.js:82:20)
16 verbose stack     at Request.emit (events.js:169:7)
16 verbose stack     at IncomingMessage.<anonymous> (/usr/share/npm/node_modules/request/request.js:1009:12)
17 verbose statusCode 404
18 verbose pkgid canvos2
19 verbose cwd /home/mkiselev/Canv--5-7
20 error Linux 4.4.0-143-generic
21 error argv "/usr/bin/nodejs" "/usr/bin/npm" "info"
22 error node v4.2.6
23 error npm  v3.5.2
24 error code E404
25 error 404 Not found : canvos2
26 error 404
27 error 404 'canvos2' is not in the npm registry.
28 error 404 You should bug the author to publish it (or use the name yourself!)
29 error 404 Note that you can also install from a
30 error 404 tarball, folder, http url, or git url.
31 verbose exit [ 1, true ]
